<?xml version="1.0" encoding="UTF-8"?>
<testsuite name="ReadabilityTest" tests="1" skipped="0" failures="0" errors="0" timestamp="2020-06-24T12:57:27" hostname="DESKTOP-V5L7Q4Q" time="0.086">
  <properties/>
  <testcase name="start" classname="ReadabilityTest" time="0.086"/>
  <system-out><![CDATA[?[1;31m
Start test 1?[0m
Words: 108
Sentences: 6
Characters: 580
The score is: 12.86
This text should be understood by 18-24 year olds.?[1;31m
Start test 2?[0m
Words: 100
Sentences: 10
Characters: 476
The score is: 5.98
This text should be understood by 11-12 year olds.?[1;31m
Start test 3?[0m
Words: 180
Sentences: 13
Characters: 982
The score is: 11.18
This text should be understood by 17-18 year olds.]]></system-out>
  <system-err><![CDATA[]]></system-err>
</testsuite>
